<?xml version="1.0" encoding="UTF-8"?>
<!-- Generated by org.testng.reporters.JUnitReportReporter -->
<testsuite hostname="ojt14-PC" name="DriverFactory.AppTest" tests="1" failures="0" timestamp="26 Jul 2019 08:44:42 GMT" time="39.304" errors="0">
  <testcase name="KickStart" time="39.304" classname="DriverFactory.AppTest"/>
</testsuite> <!-- DriverFactory.AppTest -->
